{"D:\\Hands-On React. Build advanced React JS Frontend with expert\\Minesweeper\\examples\\mathFunctions.ts": {"path":"D:\\Hands-On React. Build advanced React JS Frontend with expert\\Minesweeper\\examples\\mathFunctions.ts","statementMap":{"0":{"start":{"line":1,"column":19},"end":{"line":1,"column":58}},"1":{"start":{"line":1,"column":53},"end":{"line":1,"column":58}},"2":{"start":{"line":2,"column":19},"end":{"line":2,"column":58}},"3":{"start":{"line":2,"column":53},"end":{"line":2,"column":58}}},"fnMap":{"0":{"name":"(anonymous_0)","decl":{"start":{"line":1,"column":19},"end":{"line":1,"column":20}},"loc":{"start":{"line":1,"column":53},"end":{"line":1,"column":58}},"line":1},"1":{"name":"(anonymous_1)","decl":{"start":{"line":2,"column":19},"end":{"line":2,"column":20}},"loc":{"start":{"line":2,"column":53},"end":{"line":2,"column":58}},"line":2}},"branchMap":{},"s":{"0":1,"1":1,"2":1,"3":1},"f":{"0":1,"1":1},"b":{},"_coverageSchema":"1a1c01bbd47fc00a2c39e90264f33305004495a9","hash":"4b42b85662edd953d6670b03c5ca4bdff72f362d"}
,"D:\\Hands-On React. Build advanced React JS Frontend with expert\\Minesweeper\\src\\helpers\\CellsManipulator.ts": {"path":"D:\\Hands-On React. Build advanced React JS Frontend with expert\\Minesweeper\\src\\helpers\\CellsManipulator.ts","statementMap":{"0":{"start":{"line":3,"column":33},"end":{"line":15,"column":2}},"1":{"start":{"line":6,"column":6},"end":{"line":15,"column":1}},"2":{"start":{"line":17,"column":32},"end":{"line":18,"column":54}},"3":{"start":{"line":18,"column":2},"end":{"line":18,"column":54}},"4":{"start":{"line":20,"column":33},"end":{"line":33,"column":1}},"5":{"start":{"line":21,"column":16},"end":{"line":21,"column":41}},"6":{"start":{"line":23,"column":2},"end":{"line":31,"column":3}},"7":{"start":{"line":24,"column":4},"end":{"line":30,"column":5}},"8":{"start":{"line":25,"column":21},"end":{"line":25,"column":25}},"9":{"start":{"line":26,"column":19},"end":{"line":26,"column":30}},"10":{"start":{"line":27,"column":6},"end":{"line":29,"column":7}},"11":{"start":{"line":28,"column":8},"end":{"line":28,"column":41}},"12":{"start":{"line":32,"column":2},"end":{"line":32,"column":15}}},"fnMap":{"0":{"name":"(anonymous_0)","decl":{"start":{"line":3,"column":33},"end":{"line":3,"column":34}},"loc":{"start":{"line":6,"column":6},"end":{"line":15,"column":1}},"line":6},"1":{"name":"(anonymous_1)","decl":{"start":{"line":17,"column":32},"end":{"line":17,"column":33}},"loc":{"start":{"line":18,"column":2},"end":{"line":18,"column":54}},"line":18},"2":{"name":"(anonymous_2)","decl":{"start":{"line":20,"column":33},"end":{"line":20,"column":34}},"loc":{"start":{"line":20,"column":74},"end":{"line":33,"column":1}},"line":20}},"branchMap":{"0":{"loc":{"start":{"line":18,"column":2},"end":{"line":18,"column":54}},"type":"binary-expr","locations":[{"start":{"line":18,"column":2},"end":{"line":18,"column":8}},{"start":{"line":18,"column":12},"end":{"line":18,"column":18}},{"start":{"line":18,"column":22},"end":{"line":18,"column":36}},{"start":{"line":18,"column":40},"end":{"line":18,"column":54}}],"line":18},"1":{"loc":{"start":{"line":24,"column":4},"end":{"line":30,"column":5}},"type":"if","locations":[{"start":{"line":24,"column":4},"end":{"line":30,"column":5}},{"start":{},"end":{}}],"line":24},"2":{"loc":{"start":{"line":27,"column":6},"end":{"line":29,"column":7}},"type":"if","locations":[{"start":{"line":27,"column":6},"end":{"line":29,"column":7}},{"start":{},"end":{}}],"line":27}},"s":{"0":2,"1":37,"2":2,"3":299,"4":2,"5":37,"6":37,"7":296,"8":212,"9":212,"10":212,"11":183,"12":37},"f":{"0":37,"1":299,"2":37},"b":{"0":[299,275,250,226],"1":[212,84],"2":[183,29]},"_coverageSchema":"1a1c01bbd47fc00a2c39e90264f33305004495a9","hash":"218d4bab81fad9508c233b4916ddcb94300df838"}
,"D:\\Hands-On React. Build advanced React JS Frontend with expert\\Minesweeper\\src\\helpers\\Field.ts": {"path":"D:\\Hands-On React. Build advanced React JS Frontend with expert\\Minesweeper\\src\\helpers\\Field.ts","statementMap":{"0":{"start":{"line":7,"column":47},"end":{"line":13,"column":1}},"1":{"start":{"line":15,"column":35},"end":{"line":18,"column":77}},"2":{"start":{"line":18,"column":12},"end":{"line":18,"column":77}},"3":{"start":{"line":18,"column":49},"end":{"line":18,"column":76}},"4":{"start":{"line":20,"column":30},"end":{"line":45,"column":1}},"5":{"start":{"line":21,"column":2},"end":{"line":23,"column":3}},"6":{"start":{"line":22,"column":4},"end":{"line":22,"column":59}},"7":{"start":{"line":25,"column":25},"end":{"line":25,"column":36}},"8":{"start":{"line":26,"column":27},"end":{"line":26,"column":57}},"9":{"start":{"line":28,"column":24},"end":{"line":28,"column":49}},"10":{"start":{"line":30,"column":2},"end":{"line":42,"column":3}},"11":{"start":{"line":30,"column":15},"end":{"line":30,"column":16}},"12":{"start":{"line":31,"column":4},"end":{"line":41,"column":5}},"13":{"start":{"line":31,"column":17},"end":{"line":31,"column":18}},"14":{"start":{"line":32,"column":6},"end":{"line":34,"column":7}},"15":{"start":{"line":33,"column":8},"end":{"line":33,"column":22}},"16":{"start":{"line":35,"column":6},"end":{"line":39,"column":7}},"17":{"start":{"line":36,"column":8},"end":{"line":36,"column":38}},"18":{"start":{"line":37,"column":8},"end":{"line":37,"column":42}},"19":{"start":{"line":38,"column":8},"end":{"line":38,"column":29}},"20":{"start":{"line":40,"column":6},"end":{"line":40,"column":25}},"21":{"start":{"line":44,"column":2},"end":{"line":44,"column":16}}},"fnMap":{"0":{"name":"(anonymous_0)","decl":{"start":{"line":15,"column":35},"end":{"line":15,"column":36}},"loc":{"start":{"line":18,"column":12},"end":{"line":18,"column":77}},"line":18},"1":{"name":"(anonymous_1)","decl":{"start":{"line":18,"column":43},"end":{"line":18,"column":44}},"loc":{"start":{"line":18,"column":49},"end":{"line":18,"column":76}},"line":18},"2":{"name":"(anonymous_2)","decl":{"start":{"line":20,"column":30},"end":{"line":20,"column":31}},"loc":{"start":{"line":20,"column":76},"end":{"line":45,"column":1}},"line":20}},"branchMap":{"0":{"loc":{"start":{"line":17,"column":2},"end":{"line":17,"column":31}},"type":"default-arg","locations":[{"start":{"line":17,"column":16},"end":{"line":17,"column":31}}],"line":17},"1":{"loc":{"start":{"line":21,"column":2},"end":{"line":23,"column":3}},"type":"if","locations":[{"start":{"line":21,"column":2},"end":{"line":23,"column":3}},{"start":{},"end":{}}],"line":21},"2":{"loc":{"start":{"line":21,"column":6},"end":{"line":21,"column":40}},"type":"binary-expr","locations":[{"start":{"line":21,"column":6},"end":{"line":21,"column":21}},{"start":{"line":21,"column":25},"end":{"line":21,"column":40}}],"line":21},"3":{"loc":{"start":{"line":32,"column":6},"end":{"line":34,"column":7}},"type":"if","locations":[{"start":{"line":32,"column":6},"end":{"line":34,"column":7}},{"start":{},"end":{}}],"line":32},"4":{"loc":{"start":{"line":35,"column":6},"end":{"line":39,"column":7}},"type":"if","locations":[{"start":{"line":35,"column":6},"end":{"line":39,"column":7}},{"start":{},"end":{}}],"line":35}},"s":{"0":2,"1":2,"2":8,"3":24,"4":2,"5":7,"6":2,"7":5,"8":5,"9":5,"10":5,"11":5,"12":16,"13":16,"14":110,"15":1,"16":109,"17":32,"18":32,"19":32,"20":109,"21":4},"f":{"0":8,"1":24,"2":7},"b":{"0":[7],"1":[2,5],"2":[7,6],"3":[1,109],"4":[32,77]},"_coverageSchema":"1a1c01bbd47fc00a2c39e90264f33305004495a9","hash":"1dcf436fd6c72b198ce7bd16dcbbeb9201603c60"}
}
