TN:
SF:examples\mathFunctions.ts
FN:1,(anonymous_0)
FN:2,(anonymous_1)
FNF:2
FNH:2
FNDA:1,(anonymous_0)
FNDA:1,(anonymous_1)
DA:1,1
DA:2,1
LF:2
LH:2
BRF:0
BRH:0
end_of_record
TN:
SF:src\helpers\CellsManipulator.ts
FN:3,(anonymous_0)
FN:17,(anonymous_1)
FN:20,(anonymous_2)
FNF:3
FNH:3
FNDA:37,(anonymous_0)
FNDA:299,(anonymous_1)
FNDA:37,(anonymous_2)
DA:3,2
DA:6,37
DA:17,2
DA:18,299
DA:20,2
DA:21,37
DA:23,37
DA:24,296
DA:25,212
DA:26,212
DA:27,212
DA:28,183
DA:32,37
LF:13
LH:13
BRDA:18,0,0,299
BRDA:18,0,1,275
BRDA:18,0,2,250
BRDA:18,0,3,226
BRDA:24,1,0,212
BRDA:24,1,1,84
BRDA:27,2,0,183
BRDA:27,2,1,29
BRF:8
BRH:8
end_of_record
TN:
SF:src\helpers\Field.ts
FN:15,(anonymous_0)
FN:18,(anonymous_1)
FN:20,(anonymous_2)
FNF:3
FNH:3
FNDA:8,(anonymous_0)
FNDA:24,(anonymous_1)
FNDA:7,(anonymous_2)
DA:7,2
DA:15,2
DA:18,24
DA:20,2
DA:21,7
DA:22,2
DA:25,5
DA:26,5
DA:28,5
DA:30,5
DA:31,16
DA:32,110
DA:33,1
DA:35,109
DA:36,32
DA:37,32
DA:38,32
DA:40,109
DA:44,4
LF:19
LH:19
BRDA:17,0,0,7
BRDA:21,1,0,2
BRDA:21,1,1,5
BRDA:21,2,0,7
BRDA:21,2,1,6
BRDA:32,3,0,1
BRDA:32,3,1,109
BRDA:35,4,0,32
BRDA:35,4,1,77
BRF:9
BRH:9
end_of_record
